<?xml version="1.0" encoding="UTF-8"?>
<testsuite name="com.bridgelabz.FindMaxNumTest" tests="1" skipped="0" failures="0" errors="0" timestamp="2021-06-08T03:06:35" hostname="DESKTOP-4IPP4FC" time="0.043">
  <properties/>
  <testcase name="givenMultipleFloatValue_shouldReturn_maximumFloatValue()" classname="com.bridgelabz.FindMaxNumTest" time="0.043"/>
  <system-out><![CDATA[]]></system-out>
  <system-err><![CDATA[]]></system-err>
</testsuite>
