<?xml version="1.0" encoding="UTF-8"?>
<testsuite name="com.bridgelabz.FindMaxNumTest" tests="1" skipped="0" failures="0" errors="0" timestamp="2021-06-07T18:54:03" hostname="DESKTOP-4IPP4FC" time="0.042">
  <properties/>
  <testcase name="givenThreeString_shouldReturn_firstStringIsMaximum()" classname="com.bridgelabz.FindMaxNumTest" time="0.042"/>
  <system-out><![CDATA[]]></system-out>
  <system-err><![CDATA[]]></system-err>
</testsuite>
