<?xml version="1.0" encoding="UTF-8"?>
<testsuite name="com.bridgelabz.FindMaxNumTest" tests="12" skipped="0" failures="0" errors="0" timestamp="2021-06-08T06:12:08" hostname="DESKTOP-4IPP4FC" time="0.11">
  <properties/>
  <testcase name="givenThreeString_shouldReturn_firstStringIsMaximum()" classname="com.bridgelabz.FindMaxNumTest" time="0.051"/>
  <testcase name="givenMultipleIntegerValue_shouldReturn_maximumIntegerValue()" classname="com.bridgelabz.FindMaxNumTest" time="0.003"/>
  <testcase name="givenThreeIntegerNumber_shouldReturn_thirdNumberIsMaximum()" classname="com.bridgelabz.FindMaxNumTest" time="0.002"/>
  <testcase name="givenMultipleFloatValue_shouldReturn_maximumFloatValue()" classname="com.bridgelabz.FindMaxNumTest" time="0.009"/>
  <testcase name="givenThreeFloatNumber_shouldReturn_thirdNumberIsMaximum()" classname="com.bridgelabz.FindMaxNumTest" time="0.004"/>
  <testcase name="givenThreeString_shouldReturn_secondStringIsMaximum()" classname="com.bridgelabz.FindMaxNumTest" time="0.001"/>
  <testcase name="givenMultipleStringValue_shouldReturn_maximumStringValue()" classname="com.bridgelabz.FindMaxNumTest" time="0.001"/>
  <testcase name="givenThreeString_shouldReturn_thirdStringIsMaximum()" classname="com.bridgelabz.FindMaxNumTest" time="0.002"/>
  <testcase name="givenThreeIntegerNumber_shouldReturn_secondNumberIsMaximum()" classname="com.bridgelabz.FindMaxNumTest" time="0.002"/>
  <testcase name="givenThreeIntegerNumber_shouldReturn_firstNumberIsMaximum()" classname="com.bridgelabz.FindMaxNumTest" time="0.004"/>
  <testcase name="givenThreeFloatNumber_shouldReturn_firstNumberIsMaximum()" classname="com.bridgelabz.FindMaxNumTest" time="0.008"/>
  <testcase name="givenThreeFloatNumber_shouldReturn_secondNumberIsMaximum()" classname="com.bridgelabz.FindMaxNumTest" time="0.001"/>
  <system-out><![CDATA[]]></system-out>
  <system-err><![CDATA[]]></system-err>
</testsuite>
