<?xml version="1.0" encoding="UTF-8"?>
<testsuite name="com.bridgelabz.FindMaxNumTest" tests="3" skipped="0" failures="0" errors="0" timestamp="2021-06-07T16:22:09" hostname="DESKTOP-4IPP4FC" time="0.075">
  <properties/>
  <testcase name="givenThreeIntegerNumber_shouldReturn_thirdNumberIsMaximum()" classname="com.bridgelabz.FindMaxNumTest" time="0.055"/>
  <testcase name="givenThreeIntegerNumber_shouldReturn_secondNumberIsMaximum()" classname="com.bridgelabz.FindMaxNumTest" time="0.007"/>
  <testcase name="givenThreeIntegerNumber_shouldReturn_firstNumberIsMaximum()" classname="com.bridgelabz.FindMaxNumTest" time="0.008"/>
  <system-out><![CDATA[]]></system-out>
  <system-err><![CDATA[]]></system-err>
</testsuite>
